<?xml version="1.0" encoding="UTF-8"?>
<!-- Generated by org.testng.reporters.JUnitReportReporter -->
<testsuite hostname="DESKTOP-0UFPIA0" failures="0" tests="1" name="restAssuredTest.Demo1_Getrequest" time="1.448" errors="0" timestamp="01 Jul 2019 09:02:12 GMT" skipped="0">
  <testcase classname="restAssuredTest.Demo1_Getrequest" name="getWeatherDetails" time="1.448"/>
</testsuite> <!-- restAssuredTest.Demo1_Getrequest -->
