<?xml version="1.0" encoding="UTF-8"?>
<!-- Generated by org.testng.reporters.JUnitReportReporter -->
<testsuite hostname="DESKTOP-0UFPIA0" failures="0" tests="1" name="restAssuredTest.Demo2_PUTrequest" time="1.407" errors="0" timestamp="01 Jul 2019 15:29:05 GMT" skipped="0">
  <testcase classname="restAssuredTest.Demo2_PUTrequest" name="testput" time="1.407"/>
</testsuite> <!-- restAssuredTest.Demo2_PUTrequest -->
